<?xml version="1.0" encoding="UTF-8"?>
<!-- Generated by org.testng.reporters.JUnitXMLReporter -->
<testsuite ignored="0" hostname="Anjali" failures="1" tests="2" name="Test" time="21.259" errors="0" timestamp="2023-12-09T16:05:54 GMT-05:00">
  <testcase classname="testCases.TC_001_AccountRegistrationTest" name="verify_account_registration" time="10.186">
    <failure type="java.lang.AssertionError" message="null">
      <![CDATA[java.lang.AssertionError: null
at testCases.TC_001_AccountRegistrationTest.verify_account_registration(TC_001_AccountRegistrationTest.java:67)
at java.base/java.util.ArrayList.forEach(ArrayList.java:1511)
... Removed 27 stack frames]]>
    </failure>
  </testcase> <!-- verify_account_registration -->
  <testcase classname="testCases.TC_002_LoginTest" name="verify_login" time="1.589"/>
</testsuite> <!-- Test -->
